<?xml version="1.0" encoding="UTF-8"?>
<coverage generated="1620591797016" clover="3.2.0">
  <project timestamp="1620591797016" name="All files">
    <metrics statements="21" coveredstatements="21" conditionals="20" coveredconditionals="20" methods="7" coveredmethods="7" elements="48" coveredelements="48" complexity="0" loc="21" ncloc="21" packages="1" files="2" classes="2"/>
    <file name="TestComponent.style.ts" path="/home/rick/git-repo/react-component-library/src/components/TestComponent/TestComponent.style.ts">
      <metrics statements="11" coveredstatements="11" conditionals="18" coveredconditionals="18" methods="6" coveredmethods="6"/>
      <line num="1" count="1" type="stmt"/>
      <line num="7" count="1" type="stmt"/>
      <line num="8" count="2" type="cond" truecount="2" falsecount="0"/>
      <line num="9" count="2" type="cond" truecount="2" falsecount="0"/>
      <line num="13" count="1" type="cond" truecount="2" falsecount="0"/>
      <line num="14" count="1" type="cond" truecount="2" falsecount="0"/>
      <line num="21" count="1" type="cond" truecount="2" falsecount="0"/>
      <line num="22" count="3" type="cond" truecount="2" falsecount="0"/>
      <line num="32" count="1" type="cond" truecount="2" falsecount="0"/>
      <line num="38" count="1" type="cond" truecount="2" falsecount="0"/>
      <line num="39" count="3" type="cond" truecount="2" falsecount="0"/>
    </file>
    <file name="TestComponent.tsx" path="/home/rick/git-repo/react-component-library/src/components/TestComponent/TestComponent.tsx">
      <metrics statements="10" coveredstatements="10" conditionals="2" coveredconditionals="2" methods="1" coveredmethods="1"/>
      <line num="1" count="1" type="stmt"/>
      <line num="2" count="1" type="stmt"/>
      <line num="4" count="1" type="stmt"/>
      <line num="7" count="1" type="stmt"/>
      <line num="9" count="1" type="stmt"/>
      <line num="10" count="3" type="cond" truecount="2" falsecount="0"/>
      <line num="11" count="3" type="stmt"/>
      <line num="12" count="3" type="stmt"/>
      <line num="13" count="3" type="stmt"/>
      <line num="22" count="1" type="stmt"/>
    </file>
  </project>
</coverage>
