{"/home/rick/git-repo/react-component-library/src/components/TestComponent/TestComponent.style.ts": {"path":"/home/rick/git-repo/react-component-library/src/components/TestComponent/TestComponent.style.ts","statementMap":{"0":{"start":{"line":1,"column":0},"end":{"line":1,"column":47}},"1":{"start":{"line":7,"column":25},"end":{"line":19,"column":null}},"2":{"start":{"line":8,"column":19},"end":{"line":11,"column":null}},"3":{"start":{"line":9,"column":18},"end":{"line":9,"column":20}},"4":{"start":{"line":9,"column":25},"end":{"line":10,"column":null}},"5":{"start":{"line":13,"column":21},"end":{"line":17,"column":null}},"6":{"start":{"line":14,"column":18},"end":{"line":14,"column":20}},"7":{"start":{"line":14,"column":25},"end":{"line":16,"column":null}},"8":{"start":{"line":21,"column":13},"end":{"line":29,"column":null}},"9":{"start":{"line":22,"column":14},"end":{"line":22,"column":16}},"10":{"start":{"line":22,"column":23},"end":{"line":22,"column":25}},"11":{"start":{"line":22,"column":30},"end":{"line":28,"column":null}},"12":{"start":{"line":32,"column":13},"end":{"line":36,"column":null}},"13":{"start":{"line":38,"column":13},"end":{"line":41,"column":null}},"14":{"start":{"line":39,"column":14},"end":{"line":39,"column":16}},"15":{"start":{"line":39,"column":21},"end":{"line":40,"column":null}}},"fnMap":{"0":{"name":"(anonymous_7)","decl":{"start":{"line":8,"column":13},"end":{"line":8,"column":19}},"loc":{"start":{"line":8,"column":13},"end":{"line":8,"column":22}}},"1":{"name":"(anonymous_8)","decl":{"start":{"line":9,"column":10},"end":{"line":9,"column":11}},"loc":{"start":{"line":9,"column":20},"end":{"line":9,"column":28}}},"2":{"name":"(anonymous_9)","decl":{"start":{"line":13,"column":15},"end":{"line":13,"column":21}},"loc":{"start":{"line":13,"column":15},"end":{"line":13,"column":24}}},"3":{"name":"(anonymous_10)","decl":{"start":{"line":14,"column":10},"end":{"line":14,"column":11}},"loc":{"start":{"line":14,"column":20},"end":{"line":14,"column":28}}},"4":{"name":"(anonymous_11)","decl":{"start":{"line":22,"column":6},"end":{"line":22,"column":7}},"loc":{"start":{"line":22,"column":25},"end":{"line":22,"column":33}}},"5":{"name":"(anonymous_12)","decl":{"start":{"line":39,"column":6},"end":{"line":39,"column":7}},"loc":{"start":{"line":39,"column":16},"end":{"line":39,"column":24}}}},"branchMap":{"0":{"loc":{"start":{"line":8,"column":22},"end":{"line":8,"column":null}},"type":"binary-expr","locations":[{"start":{"line":8,"column":22},"end":{"line":8,"column":null}},{"start":{"line":8,"column":22},"end":{"line":12,"column":null}}]},"1":{"loc":{"start":{"line":9,"column":28},"end":{"line":9,"column":null}},"type":"binary-expr","locations":[{"start":{"line":9,"column":28},"end":{"line":9,"column":null}},{"start":{"line":9,"column":28},"end":{"line":11,"column":null}}]},"2":{"loc":{"start":{"line":13,"column":24},"end":{"line":13,"column":null}},"type":"binary-expr","locations":[{"start":{"line":13,"column":24},"end":{"line":13,"column":null}},{"start":{"line":13,"column":24},"end":{"line":18,"column":null}}]},"3":{"loc":{"start":{"line":14,"column":28},"end":{"line":14,"column":null}},"type":"binary-expr","locations":[{"start":{"line":14,"column":28},"end":{"line":14,"column":null}},{"start":{"line":14,"column":28},"end":{"line":17,"column":null}}]},"4":{"loc":{"start":{"line":21,"column":33},"end":{"line":21,"column":47}},"type":"binary-expr","locations":[{"start":{"line":21,"column":33},"end":{"line":21,"column":47}},{"start":{"line":21,"column":33},"end":{"line":30,"column":null}}]},"5":{"loc":{"start":{"line":22,"column":33},"end":{"line":22,"column":null}},"type":"binary-expr","locations":[{"start":{"line":22,"column":33},"end":{"line":22,"column":null}},{"start":{"line":22,"column":33},"end":{"line":29,"column":null}}]},"6":{"loc":{"start":{"line":32,"column":30},"end":{"line":32,"column":null}},"type":"binary-expr","locations":[{"start":{"line":32,"column":30},"end":{"line":32,"column":null}},{"start":{"line":32,"column":30},"end":{"line":36,"column":null}}]},"7":{"loc":{"start":{"line":38,"column":33},"end":{"line":38,"column":null}},"type":"binary-expr","locations":[{"start":{"line":38,"column":33},"end":{"line":38,"column":null}},{"start":{"line":38,"column":33},"end":{"line":42,"column":null}}]},"8":{"loc":{"start":{"line":39,"column":24},"end":{"line":39,"column":null}},"type":"binary-expr","locations":[{"start":{"line":39,"column":24},"end":{"line":39,"column":null}},{"start":{"line":39,"column":24},"end":{"line":41,"column":null}}]}},"s":{"0":1,"1":1,"2":2,"3":2,"4":2,"5":1,"6":1,"7":1,"8":1,"9":3,"10":3,"11":3,"12":1,"13":1,"14":3,"15":3},"f":{"0":2,"1":2,"2":1,"3":1,"4":3,"5":3},"b":{"0":[2,1],"1":[2,1],"2":[1,1],"3":[1,1],"4":[1,1],"5":[3,1],"6":[1,1],"7":[1,1],"8":[3,1]}}
,"/home/rick/git-repo/react-component-library/src/components/TestComponent/TestComponent.tsx": {"path":"/home/rick/git-repo/react-component-library/src/components/TestComponent/TestComponent.tsx","statementMap":{"0":{"start":{"line":1,"column":0},"end":{"line":1,"column":25}},"1":{"start":{"line":2,"column":0},"end":{"line":2,"column":49}},"2":{"start":{"line":4,"column":0},"end":{"line":4,"column":32}},"3":{"start":{"line":7,"column":0},"end":{"line":7,"column":42}},"4":{"start":{"line":9,"column":52},"end":{"line":13,"column":null}},"5":{"start":{"line":10,"column":4},"end":{"line":10,"column":11}},"6":{"start":{"line":10,"column":11},"end":{"line":10,"column":null}},"7":{"start":{"line":11,"column":9},"end":{"line":11,"column":null}},"8":{"start":{"line":12,"column":12},"end":{"line":12,"column":null}},"9":{"start":{"line":13,"column":6},"end":{"line":20,"column":null}},"10":{"start":{"line":22,"column":0},"end":{"line":22,"column":null}}},"fnMap":{"0":{"name":"(anonymous_7)","decl":{"start":{"line":9,"column":52},"end":{"line":9,"column":53}},"loc":{"start":{"line":13,"column":1},"end":{"line":13,"column":null}}}},"branchMap":{"0":{"loc":{"start":{"line":10,"column":14},"end":{"line":10,"column":23}},"type":"cond-expr","locations":[{"start":{"line":10,"column":14},"end":{"line":10,"column":23}},{"start":{"line":10,"column":23},"end":{"line":10,"column":null}}]}},"s":{"0":1,"1":1,"2":1,"3":1,"4":1,"5":3,"6":3,"7":3,"8":3,"9":3,"10":1},"f":{"0":3},"b":{"0":[1,2]}}
}
