TN:
SF:src/components/TestComponent/TestComponent.style.ts
FN:8,(anonymous_7)
FN:9,(anonymous_8)
FN:13,(anonymous_9)
FN:14,(anonymous_10)
FN:22,(anonymous_11)
FN:39,(anonymous_12)
FNF:6
FNH:6
FNDA:2,(anonymous_7)
FNDA:2,(anonymous_8)
FNDA:1,(anonymous_9)
FNDA:1,(anonymous_10)
FNDA:3,(anonymous_11)
FNDA:3,(anonymous_12)
DA:1,1
DA:7,1
DA:8,2
DA:9,2
DA:13,1
DA:14,1
DA:21,1
DA:22,3
DA:32,1
DA:38,1
DA:39,3
LF:11
LH:11
BRDA:8,0,0,2
BRDA:8,0,1,1
BRDA:9,1,0,2
BRDA:9,1,1,1
BRDA:13,2,0,1
BRDA:13,2,1,1
BRDA:14,3,0,1
BRDA:14,3,1,1
BRDA:21,4,0,1
BRDA:21,4,1,1
BRDA:22,5,0,3
BRDA:22,5,1,1
BRDA:32,6,0,1
BRDA:32,6,1,1
BRDA:38,7,0,1
BRDA:38,7,1,1
BRDA:39,8,0,3
BRDA:39,8,1,1
BRF:18
BRH:18
end_of_record
TN:
SF:src/components/TestComponent/TestComponent.tsx
FN:9,(anonymous_7)
FNF:1
FNH:1
FNDA:3,(anonymous_7)
DA:1,1
DA:2,1
DA:4,1
DA:7,1
DA:9,1
DA:10,3
DA:11,3
DA:12,3
DA:13,3
DA:22,1
LF:10
LH:10
BRDA:10,0,0,1
BRDA:10,0,1,2
BRF:2
BRH:2
end_of_record
